Nov 04, 2015 11:27:54 AM org.apache.solr.servlet.SolrDispatchFilter init
INFO: SolrDispatchFilter.init()
Nov 04, 2015 11:27:54 AM org.apache.solr.core.SolrResourceLoader locateSolrHome
INFO: JNDI not configured for solr (NoInitialContextEx)
Nov 04, 2015 11:27:54 AM org.apache.solr.core.SolrResourceLoader locateSolrHome
INFO: using system property solr.solr.home: /Users/cdondi/Documents/rails code/tutorial/rails_space/solr
Nov 04, 2015 11:27:54 AM org.apache.solr.core.CoreContainer$Initializer initialize
INFO: looking for solr.xml: /Users/cdondi/Documents/rails code/tutorial/rails_space/solr/solr.xml
Nov 04, 2015 11:27:54 AM org.apache.solr.core.CoreContainer <init>
INFO: New CoreContainer 346224929
Nov 04, 2015 11:27:54 AM org.apache.solr.core.CoreContainer load
INFO: Loading CoreContainer using Solr Home: '/Users/cdondi/Documents/rails code/tutorial/rails_space/solr/'
Nov 04, 2015 11:27:54 AM org.apache.solr.core.SolrResourceLoader <init>
INFO: new SolrResourceLoader for directory: '/Users/cdondi/Documents/rails code/tutorial/rails_space/solr/'
Nov 04, 2015 11:27:55 AM org.apache.solr.handler.component.HttpShardHandlerFactory getParameter
INFO: Setting socketTimeout to: 0
Nov 04, 2015 11:27:55 AM org.apache.solr.handler.component.HttpShardHandlerFactory getParameter
INFO: Setting urlScheme to: http://
Nov 04, 2015 11:27:55 AM org.apache.solr.handler.component.HttpShardHandlerFactory getParameter
INFO: Setting connTimeout to: 0
Nov 04, 2015 11:27:55 AM org.apache.solr.handler.component.HttpShardHandlerFactory getParameter
INFO: Setting maxConnectionsPerHost to: 20
Nov 04, 2015 11:27:55 AM org.apache.solr.handler.component.HttpShardHandlerFactory getParameter
INFO: Setting corePoolSize to: 0
Nov 04, 2015 11:27:55 AM org.apache.solr.handler.component.HttpShardHandlerFactory getParameter
INFO: Setting maximumPoolSize to: 2147483647
Nov 04, 2015 11:27:55 AM org.apache.solr.handler.component.HttpShardHandlerFactory getParameter
INFO: Setting maxThreadIdleTime to: 5
Nov 04, 2015 11:27:55 AM org.apache.solr.handler.component.HttpShardHandlerFactory getParameter
INFO: Setting sizeOfQueue to: -1
Nov 04, 2015 11:27:55 AM org.apache.solr.handler.component.HttpShardHandlerFactory getParameter
INFO: Setting fairnessPolicy to: false
Nov 04, 2015 11:27:55 AM org.apache.solr.client.solrj.impl.HttpClientUtil createClient
INFO: Creating new http client, config:maxConnectionsPerHost=20&maxConnections=10000&socketTimeout=0&connTimeout=0&retry=false
Nov 04, 2015 11:27:55 AM org.apache.solr.core.CoreContainer load
INFO: Registering Log Listener
Nov 04, 2015 11:27:55 AM org.apache.solr.core.CoreContainer create
INFO: Creating SolrCore 'default' using instanceDir: /Users/cdondi/Documents/rails code/tutorial/rails_space/solr/.
Nov 04, 2015 11:27:55 AM org.apache.solr.core.CoreContainer create
INFO: Creating SolrCore 'development' using instanceDir: /Users/cdondi/Documents/rails code/tutorial/rails_space/solr/.
Nov 04, 2015 11:27:55 AM org.apache.solr.core.SolrResourceLoader <init>
INFO: new SolrResourceLoader for directory: '/Users/cdondi/Documents/rails code/tutorial/rails_space/solr/./'
Nov 04, 2015 11:27:55 AM org.apache.solr.core.CoreContainer create
INFO: Creating SolrCore 'test' using instanceDir: /Users/cdondi/Documents/rails code/tutorial/rails_space/solr/.
Nov 04, 2015 11:27:55 AM org.apache.solr.core.SolrResourceLoader <init>
INFO: new SolrResourceLoader for directory: '/Users/cdondi/Documents/rails code/tutorial/rails_space/solr/./'
Nov 04, 2015 11:27:55 AM org.apache.solr.core.SolrResourceLoader <init>
INFO: new SolrResourceLoader for directory: '/Users/cdondi/Documents/rails code/tutorial/rails_space/solr/./'
Nov 04, 2015 11:27:55 AM org.apache.solr.core.SolrConfig <init>
INFO: Using Lucene MatchVersion: LUCENE_41
Nov 04, 2015 11:27:55 AM org.apache.solr.core.SolrConfig <init>
INFO: Using Lucene MatchVersion: LUCENE_41
Nov 04, 2015 11:27:55 AM org.apache.solr.core.SolrConfig <init>
INFO: Using Lucene MatchVersion: LUCENE_41
Nov 04, 2015 11:27:55 AM org.apache.solr.core.SolrConfig <init>
INFO: Loaded SolrConfig: solrconfig.xml
Nov 04, 2015 11:27:55 AM org.apache.solr.schema.IndexSchema readSchema
INFO: Reading Solr Schema
Nov 04, 2015 11:27:55 AM org.apache.solr.core.SolrConfig <init>
INFO: Loaded SolrConfig: solrconfig.xml
Nov 04, 2015 11:27:55 AM org.apache.solr.schema.IndexSchema readSchema
INFO: Reading Solr Schema
Nov 04, 2015 11:27:55 AM org.apache.solr.core.SolrConfig <init>
INFO: Loaded SolrConfig: solrconfig.xml
Nov 04, 2015 11:27:55 AM org.apache.solr.schema.IndexSchema readSchema
INFO: Reading Solr Schema
Nov 04, 2015 11:27:55 AM org.apache.solr.schema.IndexSchema readSchema
INFO: Schema name=sunspot
Nov 04, 2015 11:27:55 AM org.apache.solr.schema.IndexSchema readSchema
INFO: Schema name=sunspot
Nov 04, 2015 11:27:55 AM org.apache.solr.schema.IndexSchema readSchema
INFO: Schema name=sunspot
Nov 04, 2015 11:27:55 AM org.apache.solr.schema.IndexSchema readSchema
INFO: default search field in schema is text
Nov 04, 2015 11:27:55 AM org.apache.solr.schema.IndexSchema readSchema
INFO: query parser default operator is AND
Nov 04, 2015 11:27:55 AM org.apache.solr.schema.IndexSchema readSchema
INFO: unique key field: id
Nov 04, 2015 11:27:55 AM org.apache.solr.schema.IndexSchema readSchema
INFO: default search field in schema is text
Nov 04, 2015 11:27:55 AM org.apache.solr.schema.IndexSchema readSchema
INFO: query parser default operator is AND
Nov 04, 2015 11:27:55 AM org.apache.solr.schema.IndexSchema readSchema
INFO: unique key field: id
Nov 04, 2015 11:27:55 AM org.apache.solr.schema.IndexSchema readSchema
INFO: default search field in schema is text
Nov 04, 2015 11:27:55 AM org.apache.solr.schema.IndexSchema readSchema
INFO: query parser default operator is AND
Nov 04, 2015 11:27:55 AM org.apache.solr.schema.IndexSchema readSchema
INFO: unique key field: id
Nov 04, 2015 11:27:55 AM org.apache.solr.core.SolrCore <init>
INFO: [test] Opening new SolrCore at /Users/cdondi/Documents/rails code/tutorial/rails_space/solr/./, dataDir=/Users/cdondi/Documents/rails code/tutorial/rails_space/solr/./test/data/
Nov 04, 2015 11:27:55 AM org.apache.solr.core.SolrCore <init>
INFO: [development] Opening new SolrCore at /Users/cdondi/Documents/rails code/tutorial/rails_space/solr/./, dataDir=/Users/cdondi/Documents/rails code/tutorial/rails_space/solr/./development/data/
Nov 04, 2015 11:27:55 AM org.apache.solr.core.SolrCore <init>
INFO: JMX monitoring not detected for core: development
Nov 04, 2015 11:27:55 AM org.apache.solr.core.SolrCore <init>
INFO: [default] Opening new SolrCore at /Users/cdondi/Documents/rails code/tutorial/rails_space/solr/./, dataDir=/Users/cdondi/Documents/rails code/tutorial/rails_space/solr/./default/data/
Nov 04, 2015 11:27:55 AM org.apache.solr.core.SolrCore <init>
INFO: JMX monitoring not detected for core: test
Nov 04, 2015 11:27:55 AM org.apache.solr.core.SolrCore <init>
INFO: JMX monitoring not detected for core: default
Nov 04, 2015 11:27:55 AM org.apache.solr.core.SolrCore initDirectoryFactory
INFO: solr.NRTCachingDirectoryFactory
Nov 04, 2015 11:27:55 AM org.apache.solr.core.SolrCore initDirectoryFactory
INFO: solr.NRTCachingDirectoryFactory
Nov 04, 2015 11:27:55 AM org.apache.solr.core.SolrCore initDirectoryFactory
INFO: solr.NRTCachingDirectoryFactory
Nov 04, 2015 11:27:55 AM org.apache.solr.core.CachingDirectoryFactory get
INFO: return new directory for /Users/cdondi/Documents/rails code/tutorial/rails_space/solr/./test/data forceNew: false
Nov 04, 2015 11:27:55 AM org.apache.solr.core.CachingDirectoryFactory get
INFO: return new directory for /Users/cdondi/Documents/rails code/tutorial/rails_space/solr/./development/data forceNew: false
Nov 04, 2015 11:27:55 AM org.apache.solr.core.SolrCore getNewIndexDir
INFO: New index directory detected: old=null new=/Users/cdondi/Documents/rails code/tutorial/rails_space/solr/./development/data/index/
Nov 04, 2015 11:27:55 AM org.apache.solr.core.CachingDirectoryFactory get
INFO: return new directory for /Users/cdondi/Documents/rails code/tutorial/rails_space/solr/./default/data forceNew: false
Nov 04, 2015 11:27:55 AM org.apache.solr.core.SolrCore getNewIndexDir
INFO: New index directory detected: old=null new=/Users/cdondi/Documents/rails code/tutorial/rails_space/solr/./test/data/index/
Nov 04, 2015 11:27:55 AM org.apache.solr.core.SolrCore getNewIndexDir
INFO: New index directory detected: old=null new=/Users/cdondi/Documents/rails code/tutorial/rails_space/solr/./default/data/index/
Nov 04, 2015 11:27:55 AM org.apache.solr.core.CachingDirectoryFactory get
INFO: return new directory for /Users/cdondi/Documents/rails code/tutorial/rails_space/solr/./development/data/index forceNew: false
Nov 04, 2015 11:27:55 AM org.apache.solr.core.CachingDirectoryFactory get
INFO: return new directory for /Users/cdondi/Documents/rails code/tutorial/rails_space/solr/./test/data/index forceNew: false
Nov 04, 2015 11:27:55 AM org.apache.solr.core.CachingDirectoryFactory get
INFO: return new directory for /Users/cdondi/Documents/rails code/tutorial/rails_space/solr/./default/data/index forceNew: false
Nov 04, 2015 11:27:56 AM org.apache.solr.core.RequestHandlers initHandlersFromConfig
INFO: created /select: solr.SearchHandler
Nov 04, 2015 11:27:56 AM org.apache.solr.core.RequestHandlers initHandlersFromConfig
INFO: created /query: solr.SearchHandler
Nov 04, 2015 11:27:56 AM org.apache.solr.core.RequestHandlers initHandlersFromConfig
INFO: created /select: solr.SearchHandler
Nov 04, 2015 11:27:56 AM org.apache.solr.core.RequestHandlers initHandlersFromConfig
INFO: created /query: solr.SearchHandler
Nov 04, 2015 11:27:56 AM org.apache.solr.core.RequestHandlers initHandlersFromConfig
INFO: created /get: solr.RealTimeGetHandler
Nov 04, 2015 11:27:56 AM org.apache.solr.core.RequestHandlers initHandlersFromConfig
INFO: created /get: solr.RealTimeGetHandler
Nov 04, 2015 11:27:56 AM org.apache.solr.core.RequestHandlers initHandlersFromConfig
INFO: created /update: solr.UpdateRequestHandler
Nov 04, 2015 11:27:56 AM org.apache.solr.core.RequestHandlers initHandlersFromConfig
INFO: created /update: solr.UpdateRequestHandler
Nov 04, 2015 11:27:56 AM org.apache.solr.core.RequestHandlers initHandlersFromConfig
INFO: created /update/json: solr.JsonUpdateRequestHandler
Nov 04, 2015 11:27:56 AM org.apache.solr.core.RequestHandlers initHandlersFromConfig
INFO: created /update/csv: solr.CSVRequestHandler
Nov 04, 2015 11:27:56 AM org.apache.solr.core.RequestHandlers initHandlersFromConfig
INFO: adding lazy requestHandler: solr.extraction.ExtractingRequestHandler
Nov 04, 2015 11:27:56 AM org.apache.solr.core.RequestHandlers initHandlersFromConfig
INFO: created /select: solr.SearchHandler
Nov 04, 2015 11:27:56 AM org.apache.solr.core.RequestHandlers initHandlersFromConfig
INFO: created /update/json: solr.JsonUpdateRequestHandler
Nov 04, 2015 11:27:56 AM org.apache.solr.core.RequestHandlers initHandlersFromConfig
INFO: created /update/extract: solr.extraction.ExtractingRequestHandler
Nov 04, 2015 11:27:56 AM org.apache.solr.core.RequestHandlers initHandlersFromConfig
INFO: created /query: solr.SearchHandler
Nov 04, 2015 11:27:56 AM org.apache.solr.core.RequestHandlers initHandlersFromConfig
INFO: adding lazy requestHandler: solr.FieldAnalysisRequestHandler
Nov 04, 2015 11:27:56 AM org.apache.solr.core.RequestHandlers initHandlersFromConfig
INFO: created /update/csv: solr.CSVRequestHandler
Nov 04, 2015 11:27:56 AM org.apache.solr.core.RequestHandlers initHandlersFromConfig
INFO: created /analysis/field: solr.FieldAnalysisRequestHandler
Nov 04, 2015 11:27:56 AM org.apache.solr.core.RequestHandlers initHandlersFromConfig
INFO: created /get: solr.RealTimeGetHandler
Nov 04, 2015 11:27:56 AM org.apache.solr.core.RequestHandlers initHandlersFromConfig
INFO: adding lazy requestHandler: solr.DocumentAnalysisRequestHandler
Nov 04, 2015 11:27:56 AM org.apache.solr.core.RequestHandlers initHandlersFromConfig
INFO: adding lazy requestHandler: solr.extraction.ExtractingRequestHandler
Nov 04, 2015 11:27:56 AM org.apache.solr.core.RequestHandlers initHandlersFromConfig
INFO: created /analysis/document: solr.DocumentAnalysisRequestHandler
Nov 04, 2015 11:27:56 AM org.apache.solr.core.RequestHandlers initHandlersFromConfig
INFO: created /update: solr.UpdateRequestHandler
Nov 04, 2015 11:27:56 AM org.apache.solr.core.RequestHandlers initHandlersFromConfig
INFO: created /update/extract: solr.extraction.ExtractingRequestHandler
Nov 04, 2015 11:27:56 AM org.apache.solr.core.RequestHandlers initHandlersFromConfig
INFO: adding lazy requestHandler: solr.FieldAnalysisRequestHandler
Nov 04, 2015 11:27:56 AM org.apache.solr.core.RequestHandlers initHandlersFromConfig
INFO: created /analysis/field: solr.FieldAnalysisRequestHandler
Nov 04, 2015 11:27:56 AM org.apache.solr.core.RequestHandlers initHandlersFromConfig
INFO: adding lazy requestHandler: solr.DocumentAnalysisRequestHandler
Nov 04, 2015 11:27:56 AM org.apache.solr.core.RequestHandlers initHandlersFromConfig
INFO: created /analysis/document: solr.DocumentAnalysisRequestHandler
Nov 04, 2015 11:27:56 AM org.apache.solr.core.RequestHandlers initHandlersFromConfig
INFO: created /admin/ping: solr.PingRequestHandler
Nov 04, 2015 11:27:56 AM org.apache.solr.core.RequestHandlers initHandlersFromConfig
INFO: created /update/json: solr.JsonUpdateRequestHandler
Nov 04, 2015 11:27:56 AM org.apache.solr.core.RequestHandlers initHandlersFromConfig
INFO: created /admin/ping: solr.PingRequestHandler
Nov 04, 2015 11:27:56 AM org.apache.solr.core.RequestHandlers initHandlersFromConfig
INFO: created /debug/dump: solr.DumpRequestHandler
Nov 04, 2015 11:27:56 AM org.apache.solr.core.RequestHandlers initHandlersFromConfig
INFO: created /update/csv: solr.CSVRequestHandler
Nov 04, 2015 11:27:56 AM org.apache.solr.core.RequestHandlers initHandlersFromConfig
INFO: adding lazy requestHandler: solr.extraction.ExtractingRequestHandler
Nov 04, 2015 11:27:56 AM org.apache.solr.core.RequestHandlers initHandlersFromConfig
INFO: created /update/extract: solr.extraction.ExtractingRequestHandler
Nov 04, 2015 11:27:56 AM org.apache.solr.core.RequestHandlers initHandlersFromConfig
INFO: adding lazy requestHandler: solr.FieldAnalysisRequestHandler
Nov 04, 2015 11:27:56 AM org.apache.solr.core.RequestHandlers initHandlersFromConfig
INFO: created /analysis/field: solr.FieldAnalysisRequestHandler
Nov 04, 2015 11:27:56 AM org.apache.solr.core.RequestHandlers initHandlersFromConfig
INFO: adding lazy requestHandler: solr.DocumentAnalysisRequestHandler
Nov 04, 2015 11:27:56 AM org.apache.solr.core.RequestHandlers initHandlersFromConfig
INFO: created /analysis/document: solr.DocumentAnalysisRequestHandler
Nov 04, 2015 11:27:56 AM org.apache.solr.core.RequestHandlers initHandlersFromConfig
INFO: created /debug/dump: solr.DumpRequestHandler
Nov 04, 2015 11:27:56 AM org.apache.solr.core.RequestHandlers initHandlersFromConfig
INFO: created /admin/ping: solr.PingRequestHandler
Nov 04, 2015 11:27:56 AM org.apache.solr.core.RequestHandlers initHandlersFromConfig
INFO: created /debug/dump: solr.DumpRequestHandler
Nov 04, 2015 11:27:56 AM org.apache.solr.core.RequestHandlers initHandlersFromConfig
INFO: created /replication: solr.ReplicationHandler
Nov 04, 2015 11:27:56 AM org.apache.solr.core.RequestHandlers initHandlersFromConfig
INFO: created /replication: solr.ReplicationHandler
Nov 04, 2015 11:27:56 AM org.apache.solr.core.RequestHandlers initHandlersFromConfig
INFO: created /replication: solr.ReplicationHandler
Nov 04, 2015 11:27:56 AM org.apache.solr.core.RequestHandlers initHandlersFromConfig
INFO: created /mlt: solr.MoreLikeThisHandler
Nov 04, 2015 11:27:56 AM org.apache.solr.core.RequestHandlers initHandlersFromConfig
INFO: created /mlt: solr.MoreLikeThisHandler
Nov 04, 2015 11:27:56 AM org.apache.solr.core.RequestHandlers initHandlersFromConfig
INFO: created /mlt: solr.MoreLikeThisHandler
Nov 04, 2015 11:27:56 AM org.apache.solr.core.RequestHandlers initHandlersFromConfig
INFO: created /admin/: solr.admin.AdminHandlers
Nov 04, 2015 11:27:56 AM org.apache.solr.core.RequestHandlers initHandlersFromConfig
INFO: created /admin/: solr.admin.AdminHandlers
Nov 04, 2015 11:27:56 AM org.apache.solr.core.RequestHandlers initHandlersFromConfig
INFO: created /admin/: solr.admin.AdminHandlers
Nov 04, 2015 11:27:56 AM org.apache.solr.handler.loader.XMLLoader init
INFO: xsltCacheLifetimeSeconds=60
Nov 04, 2015 11:27:56 AM org.apache.solr.handler.loader.XMLLoader init
INFO: xsltCacheLifetimeSeconds=60
Nov 04, 2015 11:27:56 AM org.apache.solr.handler.loader.XMLLoader init
INFO: xsltCacheLifetimeSeconds=60
Nov 04, 2015 11:27:56 AM org.apache.solr.handler.loader.XMLLoader init
INFO: xsltCacheLifetimeSeconds=60
Nov 04, 2015 11:27:56 AM org.apache.solr.handler.loader.XMLLoader init
INFO: xsltCacheLifetimeSeconds=60
Nov 04, 2015 11:27:56 AM org.apache.solr.handler.loader.XMLLoader init
INFO: xsltCacheLifetimeSeconds=60
Nov 04, 2015 11:27:56 AM org.apache.solr.handler.loader.XMLLoader init
INFO: xsltCacheLifetimeSeconds=60
Nov 04, 2015 11:27:56 AM org.apache.solr.handler.loader.XMLLoader init
INFO: xsltCacheLifetimeSeconds=60
Nov 04, 2015 11:27:56 AM org.apache.solr.handler.loader.XMLLoader init
INFO: xsltCacheLifetimeSeconds=60
Nov 04, 2015 11:27:56 AM org.apache.solr.search.SolrIndexSearcher <init>
INFO: Opening Searcher@469402d1 main
Nov 04, 2015 11:27:56 AM org.apache.solr.search.SolrIndexSearcher <init>
INFO: Opening Searcher@36cac377 main
Nov 04, 2015 11:27:56 AM org.apache.solr.update.CommitTracker <init>
INFO: Hard AutoCommit: if uncommited for 15000ms; 
Nov 04, 2015 11:27:56 AM org.apache.solr.update.CommitTracker <init>
INFO: Hard AutoCommit: if uncommited for 15000ms; 
Nov 04, 2015 11:27:56 AM org.apache.solr.update.CommitTracker <init>
INFO: Soft AutoCommit: if uncommited for 5000ms; 
Nov 04, 2015 11:27:56 AM org.apache.solr.update.CommitTracker <init>
INFO: Soft AutoCommit: if uncommited for 5000ms; 
Nov 04, 2015 11:27:56 AM org.apache.solr.handler.component.SpellCheckComponent inform
INFO: Initializing spell checkers
Nov 04, 2015 11:27:56 AM org.apache.solr.handler.component.SpellCheckComponent inform
INFO: Initializing spell checkers
Nov 04, 2015 11:27:56 AM org.apache.solr.search.SolrIndexSearcher <init>
INFO: Opening Searcher@131ce9b9 main
Nov 04, 2015 11:27:56 AM org.apache.solr.update.CommitTracker <init>
INFO: Hard AutoCommit: if uncommited for 15000ms; 
Nov 04, 2015 11:27:56 AM org.apache.solr.update.CommitTracker <init>
INFO: Soft AutoCommit: if uncommited for 5000ms; 
Nov 04, 2015 11:27:56 AM org.apache.solr.handler.component.SpellCheckComponent inform
INFO: Initializing spell checkers
Nov 04, 2015 11:27:56 AM org.apache.solr.handler.component.SpellCheckComponent inform
INFO: Registering newSearcher listener for spellchecker: default
Nov 04, 2015 11:27:56 AM org.apache.solr.handler.component.SpellCheckComponent inform
INFO: Registering newSearcher listener for spellchecker: default
Nov 04, 2015 11:27:56 AM org.apache.solr.handler.component.SpellCheckComponent inform
INFO: Registering newSearcher listener for spellchecker: default
Nov 04, 2015 11:27:56 AM org.apache.solr.spelling.DirectSolrSpellChecker init
INFO: init: {name=example,field=title_text,buildOnCommit=true,classname=solr.DirectSolrSpellChecker,distanceMeasure=internal,accuracy=0.5,maxEdits=2,minPrefix=1,maxInspections=5,minQueryLength=4,maxQueryFrequency=0.01}
Nov 04, 2015 11:27:56 AM org.apache.solr.spelling.DirectSolrSpellChecker init
INFO: init: {name=example,field=title_text,buildOnCommit=true,classname=solr.DirectSolrSpellChecker,distanceMeasure=internal,accuracy=0.5,maxEdits=2,minPrefix=1,maxInspections=5,minQueryLength=4,maxQueryFrequency=0.01}
Nov 04, 2015 11:27:56 AM org.apache.solr.handler.component.SpellCheckComponent inform
INFO: Registering newSearcher listener for spellchecker: example
Nov 04, 2015 11:27:56 AM org.apache.solr.spelling.DirectSolrSpellChecker init
INFO: init: {name=example,field=title_text,buildOnCommit=true,classname=solr.DirectSolrSpellChecker,distanceMeasure=internal,accuracy=0.5,maxEdits=2,minPrefix=1,maxInspections=5,minQueryLength=4,maxQueryFrequency=0.01}
Nov 04, 2015 11:27:56 AM org.apache.solr.handler.component.SpellCheckComponent inform
INFO: Registering newSearcher listener for spellchecker: example
Nov 04, 2015 11:27:56 AM org.apache.solr.handler.component.SpellCheckComponent inform
INFO: Registering newSearcher listener for spellchecker: example
Nov 04, 2015 11:27:56 AM org.apache.solr.handler.component.SpellCheckComponent inform
INFO: No queryConverter defined, using default converter
Nov 04, 2015 11:27:56 AM org.apache.solr.handler.component.SpellCheckComponent inform
INFO: No queryConverter defined, using default converter
Nov 04, 2015 11:27:56 AM org.apache.solr.handler.component.SpellCheckComponent inform
INFO: No queryConverter defined, using default converter
Nov 04, 2015 11:27:56 AM org.apache.solr.handler.ReplicationHandler inform
INFO: Commits will be reserved for  10000
Nov 04, 2015 11:27:56 AM org.apache.solr.handler.ReplicationHandler inform
INFO: Commits will be reserved for  10000
Nov 04, 2015 11:27:56 AM org.apache.solr.handler.ReplicationHandler inform
INFO: Commits will be reserved for  10000
Nov 04, 2015 11:27:57 AM org.apache.solr.core.SolrCore registerSearcher
INFO: [test] Registered new searcher Searcher@469402d1 main{StandardDirectoryReader(segments_1:1)}
Nov 04, 2015 11:27:57 AM org.apache.solr.core.CoreContainer registerCore
INFO: registering core: test
Nov 04, 2015 11:27:57 AM org.apache.solr.core.SolrCore registerSearcher
INFO: [default] Registered new searcher Searcher@131ce9b9 main{StandardDirectoryReader(segments_t:101 _p(4.2):C1007/1 _u(4.2):c1)}
Nov 04, 2015 11:27:57 AM org.apache.solr.core.SolrCore registerSearcher
INFO: [development] Registered new searcher Searcher@36cac377 main{StandardDirectoryReader(segments_1:1)}
Nov 04, 2015 11:27:57 AM org.apache.solr.core.CoreContainer registerCore
INFO: registering core: default
Nov 04, 2015 11:27:57 AM org.apache.solr.core.CoreContainer registerCore
INFO: registering core: development
Nov 04, 2015 11:27:57 AM org.apache.solr.servlet.SolrDispatchFilter init
INFO: user.dir=/Users/cdondi/.rvm/gems/ruby-2.2.3/gems/sunspot_solr-2.2.0/solr
Nov 04, 2015 11:27:57 AM org.apache.solr.servlet.SolrDispatchFilter init
INFO: SolrDispatchFilter.init() done
Nov 04, 2015 11:29:57 AM org.apache.solr.core.SolrDeletionPolicy onInit
INFO: SolrDeletionPolicy.onInit: commits:num=1
	commit{dir=NRTCachingDirectory(org.apache.lucene.store.NIOFSDirectory@/Users/cdondi/Documents/rails code/tutorial/rails_space/solr/default/data/index lockFactory=org.apache.lucene.store.NativeFSLockFactory@31a3a90a; maxCacheMB=48.0 maxMergeSizeMB=4.0),segFN=segments_t,generation=29,filenames=[_p.fdx, _p.nvd, _p.fdt, _p_Lucene41_0.pos, _p_Lucene41_0.tip, _u.cfe, _p_Lucene41_0.doc, _p_Lucene41_0.tim, segments_t, _p_1.del, _p.nvm, _p.fnm, _u.cfs, _p.si, _u.si]
Nov 04, 2015 11:29:57 AM org.apache.solr.core.SolrDeletionPolicy updateCommits
INFO: newest commit = 29[_p.fdx, _p.nvd, _p.fdt, _p_Lucene41_0.pos, _p_Lucene41_0.tip, _u.cfe, _p_Lucene41_0.doc, _p_Lucene41_0.tim, segments_t, _p_1.del, _p.nvm, _p.fnm, _u.cfs, _p.si, _u.si]
Nov 04, 2015 11:29:57 AM org.apache.solr.update.processor.LogUpdateProcessor finish
INFO: [default] webapp=/solr path=/update params={wt=ruby} {add=[User 505 (1516931066275823616)]} 0 69
Nov 04, 2015 11:29:57 AM org.apache.solr.update.DirectUpdateHandler2 commit
INFO: start commit{,optimize=false,openSearcher=true,waitSearcher=true,expungeDeletes=false,softCommit=false,prepareCommit=false}
Nov 04, 2015 11:29:57 AM org.apache.solr.core.SolrDeletionPolicy onCommit
INFO: SolrDeletionPolicy.onCommit: commits:num=2
	commit{dir=NRTCachingDirectory(org.apache.lucene.store.NIOFSDirectory@/Users/cdondi/Documents/rails code/tutorial/rails_space/solr/default/data/index lockFactory=org.apache.lucene.store.NativeFSLockFactory@31a3a90a; maxCacheMB=48.0 maxMergeSizeMB=4.0),segFN=segments_t,generation=29,filenames=[_p.fdx, _p.nvd, _p.fdt, _p_Lucene41_0.pos, _p_Lucene41_0.tip, _u.cfe, _p_Lucene41_0.doc, _p_Lucene41_0.tim, segments_t, _p_1.del, _p.nvm, _p.fnm, _u.cfs, _p.si, _u.si]
	commit{dir=NRTCachingDirectory(org.apache.lucene.store.NIOFSDirectory@/Users/cdondi/Documents/rails code/tutorial/rails_space/solr/default/data/index lockFactory=org.apache.lucene.store.NativeFSLockFactory@31a3a90a; maxCacheMB=48.0 maxMergeSizeMB=4.0),segFN=segments_u,generation=30,filenames=[_p.fdx, _p.nvd, _p.fdt, _p_Lucene41_0.pos, _v.cfs, _p_Lucene41_0.tip, _u.cfe, _p_Lucene41_0.doc, _p_Lucene41_0.tim, segments_u, _p_1.del, _p.nvm, _p.fnm, _v.cfe, _u.cfs, _v.si, _p.si, _u.si]
Nov 04, 2015 11:29:57 AM org.apache.solr.core.SolrDeletionPolicy updateCommits
INFO: newest commit = 30[_p.fdx, _p.nvd, _p.fdt, _p_Lucene41_0.pos, _v.cfs, _p_Lucene41_0.tip, _u.cfe, _p_Lucene41_0.doc, _p_Lucene41_0.tim, segments_u, _p_1.del, _p.nvm, _p.fnm, _v.cfe, _u.cfs, _v.si, _p.si, _u.si]
Nov 04, 2015 11:29:57 AM org.apache.solr.search.SolrIndexSearcher <init>
INFO: Opening Searcher@6d7de009 main
Nov 04, 2015 11:29:57 AM org.apache.solr.handler.component.SpellCheckComponent$SpellCheckerListener buildSpellIndex
INFO: Building spell index for spell checker: default
Nov 04, 2015 11:29:57 AM org.apache.solr.update.DirectUpdateHandler2 commit
INFO: end_commit_flush
Nov 04, 2015 11:29:58 AM org.apache.solr.handler.component.SpellCheckComponent$SpellCheckerListener buildSpellIndex
INFO: Building spell index for spell checker: example
Nov 04, 2015 11:29:58 AM org.apache.solr.core.SolrCore registerSearcher
INFO: [default] Registered new searcher Searcher@6d7de009 main{StandardDirectoryReader(segments_u:103 _p(4.2):C1007/1 _u(4.2):c1 _v(4.2):c1)}
Nov 04, 2015 11:29:58 AM org.apache.solr.update.processor.LogUpdateProcessor finish
INFO: [default] webapp=/solr path=/update params={wt=ruby} {commit=} 0 322
Nov 04, 2015 11:29:58 AM org.apache.solr.update.processor.LogUpdateProcessor finish
INFO: [default] webapp=/solr path=/update params={wt=ruby} {add=[Spec 501 (1516931066898677760)]} 0 3
Nov 04, 2015 11:29:58 AM org.apache.solr.update.processor.LogUpdateProcessor finish
INFO: [default] webapp=/solr path=/update params={wt=ruby} {add=[Faq 8 (1516931066956349440)]} 0 3
Nov 04, 2015 11:29:58 AM org.apache.solr.update.DirectUpdateHandler2 commit
INFO: start commit{,optimize=false,openSearcher=true,waitSearcher=true,expungeDeletes=false,softCommit=false,prepareCommit=false}
Nov 04, 2015 11:29:58 AM org.apache.solr.core.SolrDeletionPolicy onCommit
INFO: SolrDeletionPolicy.onCommit: commits:num=2
	commit{dir=NRTCachingDirectory(org.apache.lucene.store.NIOFSDirectory@/Users/cdondi/Documents/rails code/tutorial/rails_space/solr/default/data/index lockFactory=org.apache.lucene.store.NativeFSLockFactory@31a3a90a; maxCacheMB=48.0 maxMergeSizeMB=4.0),segFN=segments_u,generation=30,filenames=[_p.fdx, _p.nvd, _p.fdt, _p_Lucene41_0.pos, _v.cfs, _p_Lucene41_0.tip, _u.cfe, _p_Lucene41_0.doc, _p_Lucene41_0.tim, segments_u, _p_1.del, _p.nvm, _p.fnm, _v.cfe, _u.cfs, _v.si, _p.si, _u.si]
	commit{dir=NRTCachingDirectory(org.apache.lucene.store.NIOFSDirectory@/Users/cdondi/Documents/rails code/tutorial/rails_space/solr/default/data/index lockFactory=org.apache.lucene.store.NativeFSLockFactory@31a3a90a; maxCacheMB=48.0 maxMergeSizeMB=4.0),segFN=segments_v,generation=31,filenames=[_p.fdx, _p.nvd, _p.fdt, _w.cfs, _p_Lucene41_0.pos, _v.cfs, _p_Lucene41_0.tip, _u.cfe, _p_Lucene41_0.doc, _p_Lucene41_0.tim, segments_v, _p_1.del, _w.cfe, _p.nvm, _p.fnm, _v.cfe, _u.cfs, _v.si, _p.si, _w.si, _u.si]
Nov 04, 2015 11:29:58 AM org.apache.solr.core.SolrDeletionPolicy updateCommits
INFO: newest commit = 31[_p.fdx, _p.nvd, _p.fdt, _w.cfs, _p_Lucene41_0.pos, _v.cfs, _p_Lucene41_0.tip, _u.cfe, _p_Lucene41_0.doc, _p_Lucene41_0.tim, segments_v, _p_1.del, _w.cfe, _p.nvm, _p.fnm, _v.cfe, _u.cfs, _v.si, _p.si, _w.si, _u.si]
Nov 04, 2015 11:29:58 AM org.apache.solr.search.SolrIndexSearcher <init>
INFO: Opening Searcher@5eec24d3 main
Nov 04, 2015 11:29:58 AM org.apache.solr.handler.component.SpellCheckComponent$SpellCheckerListener buildSpellIndex
INFO: Building spell index for spell checker: default
Nov 04, 2015 11:29:58 AM org.apache.solr.update.DirectUpdateHandler2 commit
INFO: end_commit_flush
Nov 04, 2015 11:29:58 AM org.apache.solr.handler.component.SpellCheckComponent$SpellCheckerListener buildSpellIndex
INFO: Building spell index for spell checker: example
Nov 04, 2015 11:29:58 AM org.apache.solr.core.SolrCore registerSearcher
INFO: [default] Registered new searcher Searcher@5eec24d3 main{StandardDirectoryReader(segments_v:105 _p(4.2):C1007/1 _u(4.2):c1 _v(4.2):c1 _w(4.2):c2)}
Nov 04, 2015 11:29:58 AM org.apache.solr.update.processor.LogUpdateProcessor finish
INFO: [default] webapp=/solr path=/update params={wt=ruby} {commit=} 0 169
Nov 04, 2015 11:30:57 AM org.apache.solr.update.processor.LogUpdateProcessor finish
INFO: [default] webapp=/solr path=/update params={wt=ruby} {add=[Spec 501 (1516931128548655104)]} 0 2
Nov 04, 2015 11:30:57 AM org.apache.solr.update.DirectUpdateHandler2 commit
INFO: start commit{,optimize=false,openSearcher=true,waitSearcher=true,expungeDeletes=false,softCommit=false,prepareCommit=false}
Nov 04, 2015 11:30:57 AM org.apache.solr.core.SolrDeletionPolicy onCommit
INFO: SolrDeletionPolicy.onCommit: commits:num=2
	commit{dir=NRTCachingDirectory(org.apache.lucene.store.NIOFSDirectory@/Users/cdondi/Documents/rails code/tutorial/rails_space/solr/default/data/index lockFactory=org.apache.lucene.store.NativeFSLockFactory@31a3a90a; maxCacheMB=48.0 maxMergeSizeMB=4.0),segFN=segments_v,generation=31,filenames=[_p.fdx, _p.nvd, _p.fdt, _w.cfs, _p_Lucene41_0.pos, _v.cfs, _p_Lucene41_0.tip, _u.cfe, _p_Lucene41_0.doc, _p_Lucene41_0.tim, segments_v, _p_1.del, _w.cfe, _p.nvm, _p.fnm, _v.cfe, _u.cfs, _v.si, _p.si, _w.si, _u.si]
	commit{dir=NRTCachingDirectory(org.apache.lucene.store.NIOFSDirectory@/Users/cdondi/Documents/rails code/tutorial/rails_space/solr/default/data/index lockFactory=org.apache.lucene.store.NativeFSLockFactory@31a3a90a; maxCacheMB=48.0 maxMergeSizeMB=4.0),segFN=segments_w,generation=32,filenames=[segments_w, _y.cfs, _x.fdx, _x_1.del, _x.nvd, _x.fdt, _x_Lucene41_0.pos, _x_Lucene41_0.doc, _x_Lucene41_0.tim, _x_Lucene41_0.tip, _y.cfe, _y.si, _x.si, _x.nvm, _x.fnm]
Nov 04, 2015 11:30:57 AM org.apache.solr.core.SolrDeletionPolicy updateCommits
INFO: newest commit = 32[segments_w, _y.cfs, _x.fdx, _x_1.del, _x.nvd, _x.fdt, _x_Lucene41_0.pos, _x_Lucene41_0.doc, _x_Lucene41_0.tim, _x_Lucene41_0.tip, _y.cfe, _y.si, _x.si, _x.nvm, _x.fnm]
Nov 04, 2015 11:30:57 AM org.apache.solr.search.SolrIndexSearcher <init>
INFO: Opening Searcher@497d8fa2 main
Nov 04, 2015 11:30:57 AM org.apache.solr.handler.component.SpellCheckComponent$SpellCheckerListener buildSpellIndex
INFO: Building spell index for spell checker: default
Nov 04, 2015 11:30:57 AM org.apache.solr.update.DirectUpdateHandler2 commit
INFO: end_commit_flush
Nov 04, 2015 11:30:57 AM org.apache.solr.handler.component.SpellCheckComponent$SpellCheckerListener buildSpellIndex
INFO: Building spell index for spell checker: example
Nov 04, 2015 11:30:57 AM org.apache.solr.core.SolrCore registerSearcher
INFO: [default] Registered new searcher Searcher@497d8fa2 main{StandardDirectoryReader(segments_w:110 _x(4.2):C1010/1 _y(4.2):c1)}
Nov 04, 2015 11:30:57 AM org.apache.solr.update.processor.LogUpdateProcessor finish
INFO: [default] webapp=/solr path=/update params={wt=ruby} {commit=} 0 194
Nov 04, 2015 11:31:56 AM org.apache.solr.update.processor.LogUpdateProcessor finish
INFO: [default] webapp=/solr path=/update params={wt=ruby} {add=[User 506 (1516931190863429632)]} 0 1
Nov 04, 2015 11:31:56 AM org.apache.solr.update.DirectUpdateHandler2 commit
INFO: start commit{,optimize=false,openSearcher=true,waitSearcher=true,expungeDeletes=false,softCommit=false,prepareCommit=false}
Nov 04, 2015 11:31:56 AM org.apache.solr.core.SolrDeletionPolicy onCommit
INFO: SolrDeletionPolicy.onCommit: commits:num=2
	commit{dir=NRTCachingDirectory(org.apache.lucene.store.NIOFSDirectory@/Users/cdondi/Documents/rails code/tutorial/rails_space/solr/default/data/index lockFactory=org.apache.lucene.store.NativeFSLockFactory@31a3a90a; maxCacheMB=48.0 maxMergeSizeMB=4.0),segFN=segments_w,generation=32,filenames=[segments_w, _y.cfs, _x.fdx, _x_1.del, _x.nvd, _x.fdt, _x_Lucene41_0.pos, _x_Lucene41_0.doc, _x_Lucene41_0.tim, _x_Lucene41_0.tip, _y.cfe, _y.si, _x.si, _x.nvm, _x.fnm]
	commit{dir=NRTCachingDirectory(org.apache.lucene.store.NIOFSDirectory@/Users/cdondi/Documents/rails code/tutorial/rails_space/solr/default/data/index lockFactory=org.apache.lucene.store.NativeFSLockFactory@31a3a90a; maxCacheMB=48.0 maxMergeSizeMB=4.0),segFN=segments_x,generation=33,filenames=[segments_x, _z.cfe, _y.cfs, _x.fdx, _x_1.del, _x.nvd, _x.fdt, _x_Lucene41_0.pos, _x_Lucene41_0.doc, _x_Lucene41_0.tim, _x_Lucene41_0.tip, _z.cfs, _y.cfe, _y.si, _x.si, _z.si, _x.nvm, _x.fnm]
Nov 04, 2015 11:31:56 AM org.apache.solr.core.SolrDeletionPolicy updateCommits
INFO: newest commit = 33[segments_x, _z.cfe, _y.cfs, _x.fdx, _x_1.del, _x.nvd, _x.fdt, _x_Lucene41_0.pos, _x_Lucene41_0.doc, _x_Lucene41_0.tim, _x_Lucene41_0.tip, _z.cfs, _y.cfe, _y.si, _x.si, _z.si, _x.nvm, _x.fnm]
Nov 04, 2015 11:31:56 AM org.apache.solr.search.SolrIndexSearcher <init>
INFO: Opening Searcher@466a0c72 main
Nov 04, 2015 11:31:56 AM org.apache.solr.handler.component.SpellCheckComponent$SpellCheckerListener buildSpellIndex
INFO: Building spell index for spell checker: default
Nov 04, 2015 11:31:56 AM org.apache.solr.update.DirectUpdateHandler2 commit
INFO: end_commit_flush
Nov 04, 2015 11:31:56 AM org.apache.solr.handler.component.SpellCheckComponent$SpellCheckerListener buildSpellIndex
INFO: Building spell index for spell checker: example
Nov 04, 2015 11:31:56 AM org.apache.solr.core.SolrCore registerSearcher
INFO: [default] Registered new searcher Searcher@466a0c72 main{StandardDirectoryReader(segments_x:112 _x(4.2):C1010/1 _y(4.2):c1 _z(4.2):c1)}
Nov 04, 2015 11:31:56 AM org.apache.solr.update.processor.LogUpdateProcessor finish
INFO: [default] webapp=/solr path=/update params={wt=ruby} {commit=} 0 123
Nov 04, 2015 11:31:56 AM org.apache.solr.update.processor.LogUpdateProcessor finish
INFO: [default] webapp=/solr path=/update params={wt=ruby} {add=[Spec 502 (1516931191055319040)]} 0 1
Nov 04, 2015 11:31:56 AM org.apache.solr.update.processor.LogUpdateProcessor finish
INFO: [default] webapp=/solr path=/update params={wt=ruby} {add=[Faq 9 (1516931191084679168)]} 0 2
Nov 04, 2015 11:31:56 AM org.apache.solr.update.DirectUpdateHandler2 commit
INFO: start commit{,optimize=false,openSearcher=true,waitSearcher=true,expungeDeletes=false,softCommit=false,prepareCommit=false}
Nov 04, 2015 11:31:56 AM org.apache.solr.core.SolrDeletionPolicy onCommit
INFO: SolrDeletionPolicy.onCommit: commits:num=2
	commit{dir=NRTCachingDirectory(org.apache.lucene.store.NIOFSDirectory@/Users/cdondi/Documents/rails code/tutorial/rails_space/solr/default/data/index lockFactory=org.apache.lucene.store.NativeFSLockFactory@31a3a90a; maxCacheMB=48.0 maxMergeSizeMB=4.0),segFN=segments_x,generation=33,filenames=[segments_x, _z.cfe, _y.cfs, _x.fdx, _x_1.del, _x.nvd, _x.fdt, _x_Lucene41_0.pos, _x_Lucene41_0.doc, _x_Lucene41_0.tim, _x_Lucene41_0.tip, _z.cfs, _y.cfe, _y.si, _x.si, _z.si, _x.nvm, _x.fnm]
	commit{dir=NRTCachingDirectory(org.apache.lucene.store.NIOFSDirectory@/Users/cdondi/Documents/rails code/tutorial/rails_space/solr/default/data/index lockFactory=org.apache.lucene.store.NativeFSLockFactory@31a3a90a; maxCacheMB=48.0 maxMergeSizeMB=4.0),segFN=segments_y,generation=34,filenames=[segments_y, _10.si, _z.cfe, _y.cfs, _x.fdx, _x_1.del, _10.cfs, _x.nvd, _x.fdt, _x_Lucene41_0.pos, _x_Lucene41_0.doc, _x_Lucene41_0.tim, _x_Lucene41_0.tip, _z.cfs, _y.cfe, _y.si, _x.si, _10.cfe, _z.si, _x.nvm, _x.fnm]
Nov 04, 2015 11:31:56 AM org.apache.solr.core.SolrDeletionPolicy updateCommits
INFO: newest commit = 34[segments_y, _10.si, _z.cfe, _y.cfs, _x.fdx, _x_1.del, _10.cfs, _x.nvd, _x.fdt, _x_Lucene41_0.pos, _x_Lucene41_0.doc, _x_Lucene41_0.tim, _x_Lucene41_0.tip, _z.cfs, _y.cfe, _y.si, _x.si, _10.cfe, _z.si, _x.nvm, _x.fnm]
Nov 04, 2015 11:31:56 AM org.apache.solr.search.SolrIndexSearcher <init>
INFO: Opening Searcher@4791cf00 main
Nov 04, 2015 11:31:56 AM org.apache.solr.handler.component.SpellCheckComponent$SpellCheckerListener buildSpellIndex
INFO: Building spell index for spell checker: default
Nov 04, 2015 11:31:56 AM org.apache.solr.update.DirectUpdateHandler2 commit
INFO: end_commit_flush
Nov 04, 2015 11:31:56 AM org.apache.solr.handler.component.SpellCheckComponent$SpellCheckerListener buildSpellIndex
INFO: Building spell index for spell checker: example
Nov 04, 2015 11:31:56 AM org.apache.solr.core.SolrCore registerSearcher
INFO: [default] Registered new searcher Searcher@4791cf00 main{StandardDirectoryReader(segments_y:114 _x(4.2):C1010/1 _y(4.2):c1 _z(4.2):c1 _10(4.2):c2)}
Nov 04, 2015 11:31:56 AM org.apache.solr.update.processor.LogUpdateProcessor finish
INFO: [default] webapp=/solr path=/update params={wt=ruby} {commit=} 0 88
Nov 04, 2015 12:19:29 PM org.apache.solr.core.SolrCore execute
INFO: [default] webapp=/solr path=/select params={q=dondi&defType=edismax&qf=screen_name_text&fl=*+score&start=0&fq=type:User&rows=30&wt=ruby} hits=0 status=0 QTime=29 
Nov 04, 2015 12:19:29 PM org.apache.solr.core.SolrCore execute
INFO: [default] webapp=/solr path=/select params={q=dondi&defType=edismax&qf=last_name_text+occupation_text+city_text+state_text+first_name_text&fl=*+score&start=0&fq=type:Spec&rows=30&wt=ruby} hits=1 status=0 QTime=3 
Nov 04, 2015 12:19:29 PM org.apache.solr.core.SolrCore execute
INFO: [default] webapp=/solr path=/select params={q=dondi&defType=edismax&qf=bio_text+skills_text+schools_text+companies_text+music_text+movies_text+television_text+magazines_text+books_text&fl=*+score&start=0&fq=type:Faq&rows=30&wt=ruby} hits=0 status=0 QTime=2 
Nov 04, 2015 1:09:56 PM org.apache.solr.update.processor.LogUpdateProcessor finish
INFO: [default] webapp=/solr path=/update params={wt=ruby} {add=[User 14 (1516937356324634624)]} 0 1
Nov 04, 2015 1:09:56 PM org.apache.solr.update.DirectUpdateHandler2 commit
INFO: start commit{,optimize=false,openSearcher=true,waitSearcher=true,expungeDeletes=false,softCommit=false,prepareCommit=false}
Nov 04, 2015 1:09:56 PM org.apache.solr.core.SolrDeletionPolicy onCommit
INFO: SolrDeletionPolicy.onCommit: commits:num=2
	commit{dir=NRTCachingDirectory(org.apache.lucene.store.NIOFSDirectory@/Users/cdondi/Documents/rails code/tutorial/rails_space/solr/default/data/index lockFactory=org.apache.lucene.store.NativeFSLockFactory@31a3a90a; maxCacheMB=48.0 maxMergeSizeMB=4.0),segFN=segments_y,generation=34,filenames=[segments_y, _10.si, _z.cfe, _y.cfs, _x.fdx, _x_1.del, _10.cfs, _x.nvd, _x.fdt, _x_Lucene41_0.pos, _x_Lucene41_0.doc, _x_Lucene41_0.tim, _x_Lucene41_0.tip, _z.cfs, _y.cfe, _y.si, _x.si, _10.cfe, _z.si, _x.nvm, _x.fnm]
	commit{dir=NRTCachingDirectory(org.apache.lucene.store.NIOFSDirectory@/Users/cdondi/Documents/rails code/tutorial/rails_space/solr/default/data/index lockFactory=org.apache.lucene.store.NativeFSLockFactory@31a3a90a; maxCacheMB=48.0 maxMergeSizeMB=4.0),segFN=segments_z,generation=35,filenames=[segments_z, _11.nvm, _11.fnm, _11.si, _12.si, _11_Lucene41_0.doc, _11_Lucene41_0.tim, _11_Lucene41_0.tip, _12.cfs, _11_Lucene41_0.pos, _12.cfe, _11.fdt, _11.nvd, _11_1.del, _11.fdx]
Nov 04, 2015 1:09:56 PM org.apache.solr.core.SolrDeletionPolicy updateCommits
INFO: newest commit = 35[segments_z, _11.nvm, _11.fnm, _11.si, _12.si, _11_Lucene41_0.doc, _11_Lucene41_0.tim, _11_Lucene41_0.tip, _12.cfs, _11_Lucene41_0.pos, _12.cfe, _11.fdt, _11.nvd, _11_1.del, _11.fdx]
Nov 04, 2015 1:09:56 PM org.apache.solr.search.SolrIndexSearcher <init>
INFO: Opening Searcher@581381d3 main
Nov 04, 2015 1:09:56 PM org.apache.solr.handler.component.SpellCheckComponent$SpellCheckerListener buildSpellIndex
INFO: Building spell index for spell checker: default
Nov 04, 2015 1:09:56 PM org.apache.solr.update.DirectUpdateHandler2 commit
INFO: end_commit_flush
Nov 04, 2015 1:09:56 PM org.apache.solr.handler.component.SpellCheckComponent$SpellCheckerListener buildSpellIndex
INFO: Building spell index for spell checker: example
Nov 04, 2015 1:09:56 PM org.apache.solr.core.SolrCore registerSearcher
INFO: [default] Registered new searcher Searcher@581381d3 main{StandardDirectoryReader(segments_z:119 _11(4.2):C1013/1 _12(4.2):c1)}
Nov 04, 2015 1:09:56 PM org.apache.solr.update.processor.LogUpdateProcessor finish
INFO: [default] webapp=/solr path=/update params={wt=ruby} {commit=} 0 123
Nov 04, 2015 1:10:08 PM org.apache.solr.core.SolrCore execute
INFO: [default] webapp=/solr path=/select params={q=dondi&defType=edismax&qf=screen_name_text&fl=*+score&start=0&fq=type:User&rows=30&wt=ruby} hits=0 status=0 QTime=1 
Nov 04, 2015 1:10:08 PM org.apache.solr.core.SolrCore execute
INFO: [default] webapp=/solr path=/select params={q=dondi&defType=edismax&qf=last_name_text+occupation_text+city_text+state_text+first_name_text&fl=*+score&start=0&fq=type:Spec&rows=30&wt=ruby} hits=1 status=0 QTime=1 
Nov 04, 2015 1:10:08 PM org.apache.solr.core.SolrCore execute
INFO: [default] webapp=/solr path=/select params={q=dondi&defType=edismax&qf=bio_text+skills_text+schools_text+companies_text+music_text+movies_text+television_text+magazines_text+books_text&fl=*+score&start=0&fq=type:Faq&rows=30&wt=ruby} hits=0 status=0 QTime=1 
Nov 04, 2015 3:18:58 PM org.apache.solr.update.processor.LogUpdateProcessor finish
INFO: [default] webapp=/solr path=/update params={wt=ruby} {add=[User 501 (1516945474843574272)]} 0 2
Nov 04, 2015 3:18:58 PM org.apache.solr.update.DirectUpdateHandler2 commit
INFO: start commit{,optimize=false,openSearcher=true,waitSearcher=true,expungeDeletes=false,softCommit=false,prepareCommit=false}
Nov 04, 2015 3:18:58 PM org.apache.solr.core.SolrDeletionPolicy onCommit
INFO: SolrDeletionPolicy.onCommit: commits:num=2
	commit{dir=NRTCachingDirectory(org.apache.lucene.store.NIOFSDirectory@/Users/cdondi/Documents/rails code/tutorial/rails_space/solr/default/data/index lockFactory=org.apache.lucene.store.NativeFSLockFactory@31a3a90a; maxCacheMB=48.0 maxMergeSizeMB=4.0),segFN=segments_z,generation=35,filenames=[segments_z, _11.nvm, _11.fnm, _11.si, _12.si, _11_Lucene41_0.doc, _11_Lucene41_0.tim, _11_Lucene41_0.tip, _12.cfs, _11_Lucene41_0.pos, _12.cfe, _11.fdt, _11.nvd, _11_1.del, _11.fdx]
	commit{dir=NRTCachingDirectory(org.apache.lucene.store.NIOFSDirectory@/Users/cdondi/Documents/rails code/tutorial/rails_space/solr/default/data/index lockFactory=org.apache.lucene.store.NativeFSLockFactory@31a3a90a; maxCacheMB=48.0 maxMergeSizeMB=4.0),segFN=segments_10,generation=36,filenames=[_11.nvm, _11.fnm, _11.si, _12.si, _11_Lucene41_0.doc, _11_Lucene41_0.tim, _11_Lucene41_0.tip, _13.si, _12.cfs, _13.cfe, _11_2.del, _11_Lucene41_0.pos, _12.cfe, _11.fdt, _13.cfs, _11.nvd, _11.fdx, segments_10]
Nov 04, 2015 3:18:58 PM org.apache.solr.core.SolrDeletionPolicy updateCommits
INFO: newest commit = 36[_11.nvm, _11.fnm, _11.si, _12.si, _11_Lucene41_0.doc, _11_Lucene41_0.tim, _11_Lucene41_0.tip, _13.si, _12.cfs, _13.cfe, _11_2.del, _11_Lucene41_0.pos, _12.cfe, _11.fdt, _13.cfs, _11.nvd, _11.fdx, segments_10]
Nov 04, 2015 3:18:58 PM org.apache.solr.search.SolrIndexSearcher <init>
INFO: Opening Searcher@29f30ac8 main
Nov 04, 2015 3:18:58 PM org.apache.solr.handler.component.SpellCheckComponent$SpellCheckerListener buildSpellIndex
INFO: Building spell index for spell checker: default
Nov 04, 2015 3:18:58 PM org.apache.solr.update.DirectUpdateHandler2 commit
INFO: end_commit_flush
Nov 04, 2015 3:18:58 PM org.apache.solr.handler.component.SpellCheckComponent$SpellCheckerListener buildSpellIndex
INFO: Building spell index for spell checker: example
Nov 04, 2015 3:18:58 PM org.apache.solr.core.SolrCore registerSearcher
INFO: [default] Registered new searcher Searcher@29f30ac8 main{StandardDirectoryReader(segments_10:122 _11(4.2):C1013/2 _12(4.2):c1 _13(4.2):c1)}
Nov 04, 2015 3:18:58 PM org.apache.solr.update.processor.LogUpdateProcessor finish
INFO: [default] webapp=/solr path=/update params={wt=ruby} {commit=} 0 101
Nov 04, 2015 6:54:56 PM org.apache.solr.update.processor.LogUpdateProcessor finish
INFO: [default] webapp=/solr path=/update params={wt=ruby} {add=[User 505 (1516959061608759296)]} 0 28
Nov 04, 2015 6:54:56 PM org.apache.solr.update.DirectUpdateHandler2 commit
INFO: start commit{,optimize=false,openSearcher=true,waitSearcher=true,expungeDeletes=false,softCommit=false,prepareCommit=false}
Nov 04, 2015 6:54:56 PM org.apache.solr.core.SolrDeletionPolicy onCommit
INFO: SolrDeletionPolicy.onCommit: commits:num=2
	commit{dir=NRTCachingDirectory(org.apache.lucene.store.NIOFSDirectory@/Users/cdondi/Documents/rails code/tutorial/rails_space/solr/default/data/index lockFactory=org.apache.lucene.store.NativeFSLockFactory@31a3a90a; maxCacheMB=48.0 maxMergeSizeMB=4.0),segFN=segments_10,generation=36,filenames=[_11.nvm, _11.fnm, _11.si, _12.si, _11_Lucene41_0.doc, _11_Lucene41_0.tim, _11_Lucene41_0.tip, _13.si, _12.cfs, _13.cfe, _11_2.del, _11_Lucene41_0.pos, _12.cfe, _11.fdt, _13.cfs, _11.nvd, _11.fdx, segments_10]
	commit{dir=NRTCachingDirectory(org.apache.lucene.store.NIOFSDirectory@/Users/cdondi/Documents/rails code/tutorial/rails_space/solr/default/data/index lockFactory=org.apache.lucene.store.NativeFSLockFactory@31a3a90a; maxCacheMB=48.0 maxMergeSizeMB=4.0),segFN=segments_11,generation=37,filenames=[_11.nvm, _11.fnm, _11.si, _11_3.del, _12.si, _11_Lucene41_0.doc, _11_Lucene41_0.tim, _11_Lucene41_0.tip, _14.cfs, _13.si, _14.si, _12.cfs, _13.cfe, _11_Lucene41_0.pos, _12.cfe, _11.fdt, _13.cfs, _14.cfe, _11.nvd, _11.fdx, segments_11]
Nov 04, 2015 6:54:56 PM org.apache.solr.core.SolrDeletionPolicy updateCommits
INFO: newest commit = 37[_11.nvm, _11.fnm, _11.si, _11_3.del, _12.si, _11_Lucene41_0.doc, _11_Lucene41_0.tim, _11_Lucene41_0.tip, _14.cfs, _13.si, _14.si, _12.cfs, _13.cfe, _11_Lucene41_0.pos, _12.cfe, _11.fdt, _13.cfs, _14.cfe, _11.nvd, _11.fdx, segments_11]
Nov 04, 2015 6:54:56 PM org.apache.solr.search.SolrIndexSearcher <init>
INFO: Opening Searcher@1787ed77 main
Nov 04, 2015 6:54:56 PM org.apache.solr.handler.component.SpellCheckComponent$SpellCheckerListener buildSpellIndex
INFO: Building spell index for spell checker: default
Nov 04, 2015 6:54:56 PM org.apache.solr.update.DirectUpdateHandler2 commit
INFO: end_commit_flush
Nov 04, 2015 6:54:56 PM org.apache.solr.handler.component.SpellCheckComponent$SpellCheckerListener buildSpellIndex
INFO: Building spell index for spell checker: example
Nov 04, 2015 6:54:56 PM org.apache.solr.core.SolrCore registerSearcher
INFO: [default] Registered new searcher Searcher@1787ed77 main{StandardDirectoryReader(segments_11:125 _11(4.2):C1013/3 _12(4.2):c1 _13(4.2):c1 _14(4.2):c1)}
Nov 04, 2015 6:54:56 PM org.apache.solr.update.processor.LogUpdateProcessor finish
INFO: [default] webapp=/solr path=/update params={wt=ruby} {commit=} 0 198
Nov 04, 2015 7:41:22 PM org.apache.solr.update.processor.LogUpdateProcessor finish
INFO: [default] webapp=/solr path=/update params={wt=ruby} {add=[Faq 8 (1516961983804473344)]} 0 2
Nov 04, 2015 7:41:22 PM org.apache.solr.update.DirectUpdateHandler2 commit
INFO: start commit{,optimize=false,openSearcher=true,waitSearcher=true,expungeDeletes=false,softCommit=false,prepareCommit=false}
Nov 04, 2015 7:41:22 PM org.apache.solr.core.SolrDeletionPolicy onCommit
INFO: SolrDeletionPolicy.onCommit: commits:num=2
	commit{dir=NRTCachingDirectory(org.apache.lucene.store.NIOFSDirectory@/Users/cdondi/Documents/rails code/tutorial/rails_space/solr/default/data/index lockFactory=org.apache.lucene.store.NativeFSLockFactory@31a3a90a; maxCacheMB=48.0 maxMergeSizeMB=4.0),segFN=segments_11,generation=37,filenames=[_11.nvm, _11.fnm, _11.si, _11_3.del, _12.si, _11_Lucene41_0.doc, _11_Lucene41_0.tim, _11_Lucene41_0.tip, _14.cfs, _13.si, _14.si, _12.cfs, _13.cfe, _11_Lucene41_0.pos, _12.cfe, _11.fdt, _13.cfs, _14.cfe, _11.nvd, _11.fdx, segments_11]
	commit{dir=NRTCachingDirectory(org.apache.lucene.store.NIOFSDirectory@/Users/cdondi/Documents/rails code/tutorial/rails_space/solr/default/data/index lockFactory=org.apache.lucene.store.NativeFSLockFactory@31a3a90a; maxCacheMB=48.0 maxMergeSizeMB=4.0),segFN=segments_12,generation=38,filenames=[segments_12, _15.fdx, _16.cfe, _15.fdt, _15.si, _16.si, _15_Lucene41_0.pos, _15.nvm, _15.fnm, _15_Lucene41_0.doc, _15_Lucene41_0.tim, _15_Lucene41_0.tip, _16.cfs, _15_1.del, _15.nvd]
Nov 04, 2015 7:41:22 PM org.apache.solr.core.SolrDeletionPolicy updateCommits
INFO: newest commit = 38[segments_12, _15.fdx, _16.cfe, _15.fdt, _15.si, _16.si, _15_Lucene41_0.pos, _15.nvm, _15.fnm, _15_Lucene41_0.doc, _15_Lucene41_0.tim, _15_Lucene41_0.tip, _16.cfs, _15_1.del, _15.nvd]
Nov 04, 2015 7:41:23 PM org.apache.solr.search.SolrIndexSearcher <init>
INFO: Opening Searcher@333b46bf main
Nov 04, 2015 7:41:23 PM org.apache.solr.handler.component.SpellCheckComponent$SpellCheckerListener buildSpellIndex
INFO: Building spell index for spell checker: default
Nov 04, 2015 7:41:23 PM org.apache.solr.update.DirectUpdateHandler2 commit
INFO: end_commit_flush
Nov 04, 2015 7:41:23 PM org.apache.solr.handler.component.SpellCheckComponent$SpellCheckerListener buildSpellIndex
INFO: Building spell index for spell checker: example
Nov 04, 2015 7:41:23 PM org.apache.solr.core.SolrCore registerSearcher
INFO: [default] Registered new searcher Searcher@333b46bf main{StandardDirectoryReader(segments_12:130 _15(4.2):C1013/1 _16(4.2):c1)}
Nov 04, 2015 7:41:23 PM org.apache.solr.update.processor.LogUpdateProcessor finish
INFO: [default] webapp=/solr path=/update params={wt=ruby} {commit=} 0 121
Nov 04, 2015 7:43:52 PM org.apache.solr.update.processor.LogUpdateProcessor finish
INFO: [default] webapp=/solr path=/update params={wt=ruby} {add=[User 501 (1516962140471164928)]} 0 2
Nov 04, 2015 7:43:52 PM org.apache.solr.update.DirectUpdateHandler2 commit
INFO: start commit{,optimize=false,openSearcher=true,waitSearcher=true,expungeDeletes=false,softCommit=false,prepareCommit=false}
Nov 04, 2015 7:43:52 PM org.apache.solr.core.SolrDeletionPolicy onCommit
INFO: SolrDeletionPolicy.onCommit: commits:num=2
	commit{dir=NRTCachingDirectory(org.apache.lucene.store.NIOFSDirectory@/Users/cdondi/Documents/rails code/tutorial/rails_space/solr/default/data/index lockFactory=org.apache.lucene.store.NativeFSLockFactory@31a3a90a; maxCacheMB=48.0 maxMergeSizeMB=4.0),segFN=segments_12,generation=38,filenames=[segments_12, _15.fdx, _16.cfe, _15.fdt, _15.si, _16.si, _15_Lucene41_0.pos, _15.nvm, _15.fnm, _15_Lucene41_0.doc, _15_Lucene41_0.tim, _15_Lucene41_0.tip, _16.cfs, _15_1.del, _15.nvd]
	commit{dir=NRTCachingDirectory(org.apache.lucene.store.NIOFSDirectory@/Users/cdondi/Documents/rails code/tutorial/rails_space/solr/default/data/index lockFactory=org.apache.lucene.store.NativeFSLockFactory@31a3a90a; maxCacheMB=48.0 maxMergeSizeMB=4.0),segFN=segments_13,generation=39,filenames=[segments_13, _15.fdx, _16.cfe, _15.fdt, _15.si, _16.si, _17.cfs, _15_2.del, _15_Lucene41_0.pos, _17.cfe, _15.nvm, _15.fnm, _15_Lucene41_0.doc, _15_Lucene41_0.tim, _17.si, _15_Lucene41_0.tip, _16.cfs, _15.nvd]
Nov 04, 2015 7:43:52 PM org.apache.solr.core.SolrDeletionPolicy updateCommits
INFO: newest commit = 39[segments_13, _15.fdx, _16.cfe, _15.fdt, _15.si, _16.si, _17.cfs, _15_2.del, _15_Lucene41_0.pos, _17.cfe, _15.nvm, _15.fnm, _15_Lucene41_0.doc, _15_Lucene41_0.tim, _17.si, _15_Lucene41_0.tip, _16.cfs, _15.nvd]
Nov 04, 2015 7:43:52 PM org.apache.solr.search.SolrIndexSearcher <init>
INFO: Opening Searcher@3fc2c25d main
Nov 04, 2015 7:43:52 PM org.apache.solr.handler.component.SpellCheckComponent$SpellCheckerListener buildSpellIndex
INFO: Building spell index for spell checker: default
Nov 04, 2015 7:43:52 PM org.apache.solr.update.DirectUpdateHandler2 commit
INFO: end_commit_flush
Nov 04, 2015 7:43:52 PM org.apache.solr.handler.component.SpellCheckComponent$SpellCheckerListener buildSpellIndex
INFO: Building spell index for spell checker: example
Nov 04, 2015 7:43:52 PM org.apache.solr.core.SolrCore registerSearcher
INFO: [default] Registered new searcher Searcher@3fc2c25d main{StandardDirectoryReader(segments_13:133 _15(4.2):C1013/2 _16(4.2):c1 _17(4.2):c1)}
Nov 04, 2015 7:43:52 PM org.apache.solr.update.processor.LogUpdateProcessor finish
INFO: [default] webapp=/solr path=/update params={wt=ruby} {commit=} 0 68
Nov 04, 2015 7:57:27 PM org.apache.solr.core.SolrCore execute
INFO: [default] webapp=/solr path=/select params={q=a&defType=edismax&qf=screen_name_text&fl=*+score&start=0&fq=type:User&rows=30&wt=ruby} hits=0 status=0 QTime=39 
Nov 04, 2015 7:57:27 PM org.apache.solr.core.SolrCore execute
INFO: [default] webapp=/solr path=/select params={q=a&defType=edismax&qf=last_name_text+occupation_text+city_text+state_text+first_name_text&fl=*+score&start=0&fq=type:Spec&rows=30&wt=ruby} hits=19 status=0 QTime=3 
Nov 04, 2015 7:57:27 PM org.apache.solr.core.SolrCore execute
INFO: [default] webapp=/solr path=/select params={q=a&defType=edismax&qf=bio_text+skills_text+schools_text+companies_text+music_text+movies_text+television_text+magazines_text+books_text&fl=*+score&start=0&fq=type:Faq&rows=30&wt=ruby} hits=1 status=0 QTime=3 
Nov 04, 2015 7:57:30 PM org.apache.solr.update.processor.LogUpdateProcessor finish
INFO: [default] webapp=/solr path=/update params={wt=ruby} {add=[Faq 10 (1516962997888614400)]} 0 16
Nov 04, 2015 7:57:30 PM org.apache.solr.update.DirectUpdateHandler2 commit
INFO: start commit{,optimize=false,openSearcher=true,waitSearcher=true,expungeDeletes=false,softCommit=false,prepareCommit=false}
Nov 04, 2015 7:57:30 PM org.apache.solr.core.SolrDeletionPolicy onCommit
INFO: SolrDeletionPolicy.onCommit: commits:num=2
	commit{dir=NRTCachingDirectory(org.apache.lucene.store.NIOFSDirectory@/Users/cdondi/Documents/rails code/tutorial/rails_space/solr/default/data/index lockFactory=org.apache.lucene.store.NativeFSLockFactory@31a3a90a; maxCacheMB=48.0 maxMergeSizeMB=4.0),segFN=segments_13,generation=39,filenames=[segments_13, _15.fdx, _16.cfe, _15.fdt, _15.si, _16.si, _17.cfs, _15_2.del, _15_Lucene41_0.pos, _17.cfe, _15.nvm, _15.fnm, _15_Lucene41_0.doc, _15_Lucene41_0.tim, _17.si, _15_Lucene41_0.tip, _16.cfs, _15.nvd]
	commit{dir=NRTCachingDirectory(org.apache.lucene.store.NIOFSDirectory@/Users/cdondi/Documents/rails code/tutorial/rails_space/solr/default/data/index lockFactory=org.apache.lucene.store.NativeFSLockFactory@31a3a90a; maxCacheMB=48.0 maxMergeSizeMB=4.0),segFN=segments_14,generation=40,filenames=[_15.fdx, segments_14, _18.cfe, _16.cfe, _15.fdt, _15.si, _16.si, _17.cfs, _15_2.del, _18.cfs, _15_Lucene41_0.pos, _17.cfe, _15.nvm, _15.fnm, _15_Lucene41_0.doc, _15_Lucene41_0.tim, _17.si, _18.si, _15_Lucene41_0.tip, _16.cfs, _15.nvd]
Nov 04, 2015 7:57:30 PM org.apache.solr.core.SolrDeletionPolicy updateCommits
INFO: newest commit = 40[_15.fdx, segments_14, _18.cfe, _16.cfe, _15.fdt, _15.si, _16.si, _17.cfs, _15_2.del, _18.cfs, _15_Lucene41_0.pos, _17.cfe, _15.nvm, _15.fnm, _15_Lucene41_0.doc, _15_Lucene41_0.tim, _17.si, _18.si, _15_Lucene41_0.tip, _16.cfs, _15.nvd]
Nov 04, 2015 7:57:30 PM org.apache.solr.search.SolrIndexSearcher <init>
INFO: Opening Searcher@47552263 main
Nov 04, 2015 7:57:30 PM org.apache.solr.handler.component.SpellCheckComponent$SpellCheckerListener buildSpellIndex
INFO: Building spell index for spell checker: default
Nov 04, 2015 7:57:30 PM org.apache.solr.update.DirectUpdateHandler2 commit
INFO: end_commit_flush
Nov 04, 2015 7:57:30 PM org.apache.solr.handler.component.SpellCheckComponent$SpellCheckerListener buildSpellIndex
INFO: Building spell index for spell checker: example
Nov 04, 2015 7:57:30 PM org.apache.solr.core.SolrCore registerSearcher
INFO: [default] Registered new searcher Searcher@47552263 main{StandardDirectoryReader(segments_14:135 _15(4.2):C1013/2 _16(4.2):c1 _17(4.2):c1 _18(4.2):c1)}
Nov 04, 2015 7:57:30 PM org.apache.solr.update.processor.LogUpdateProcessor finish
INFO: [default] webapp=/solr path=/update params={wt=ruby} {commit=} 0 159
Nov 04, 2015 7:58:06 PM org.apache.solr.update.processor.LogUpdateProcessor finish
INFO: [default] webapp=/solr path=/update params={wt=ruby} {add=[User 505 (1516963035761082368)]} 0 1
Nov 04, 2015 7:58:06 PM org.apache.solr.update.DirectUpdateHandler2 commit
INFO: start commit{,optimize=false,openSearcher=true,waitSearcher=true,expungeDeletes=false,softCommit=false,prepareCommit=false}
Nov 04, 2015 7:58:06 PM org.apache.solr.core.SolrDeletionPolicy onCommit
INFO: SolrDeletionPolicy.onCommit: commits:num=2
	commit{dir=NRTCachingDirectory(org.apache.lucene.store.NIOFSDirectory@/Users/cdondi/Documents/rails code/tutorial/rails_space/solr/default/data/index lockFactory=org.apache.lucene.store.NativeFSLockFactory@31a3a90a; maxCacheMB=48.0 maxMergeSizeMB=4.0),segFN=segments_14,generation=40,filenames=[_15.fdx, segments_14, _18.cfe, _16.cfe, _15.fdt, _15.si, _16.si, _17.cfs, _15_2.del, _18.cfs, _15_Lucene41_0.pos, _17.cfe, _15.nvm, _15.fnm, _15_Lucene41_0.doc, _15_Lucene41_0.tim, _17.si, _18.si, _15_Lucene41_0.tip, _16.cfs, _15.nvd]
	commit{dir=NRTCachingDirectory(org.apache.lucene.store.NIOFSDirectory@/Users/cdondi/Documents/rails code/tutorial/rails_space/solr/default/data/index lockFactory=org.apache.lucene.store.NativeFSLockFactory@31a3a90a; maxCacheMB=48.0 maxMergeSizeMB=4.0),segFN=segments_15,generation=41,filenames=[segments_15, _19_Lucene41_0.pos, _19.fdt, _1a.cfs, _1a.si, _19_1.del, _19.nvd, _19.fdx, _19.si, _19.nvm, _19.fnm, _1a.cfe, _19_Lucene41_0.doc, _19_Lucene41_0.tim, _19_Lucene41_0.tip]
Nov 04, 2015 7:58:06 PM org.apache.solr.core.SolrDeletionPolicy updateCommits
INFO: newest commit = 41[segments_15, _19_Lucene41_0.pos, _19.fdt, _1a.cfs, _1a.si, _19_1.del, _19.nvd, _19.fdx, _19.si, _19.nvm, _19.fnm, _1a.cfe, _19_Lucene41_0.doc, _19_Lucene41_0.tim, _19_Lucene41_0.tip]
Nov 04, 2015 7:58:06 PM org.apache.solr.search.SolrIndexSearcher <init>
INFO: Opening Searcher@1b9085fe main
Nov 04, 2015 7:58:06 PM org.apache.solr.handler.component.SpellCheckComponent$SpellCheckerListener buildSpellIndex
INFO: Building spell index for spell checker: default
Nov 04, 2015 7:58:06 PM org.apache.solr.update.DirectUpdateHandler2 commit
INFO: end_commit_flush
Nov 04, 2015 7:58:06 PM org.apache.solr.handler.component.SpellCheckComponent$SpellCheckerListener buildSpellIndex
INFO: Building spell index for spell checker: example
Nov 04, 2015 7:58:06 PM org.apache.solr.core.SolrCore registerSearcher
INFO: [default] Registered new searcher Searcher@1b9085fe main{StandardDirectoryReader(segments_15:140 _19(4.2):C1014/1 _1a(4.2):c1)}
Nov 04, 2015 7:58:06 PM org.apache.solr.update.processor.LogUpdateProcessor finish
INFO: [default] webapp=/solr path=/update params={wt=ruby} {commit=} 0 115
Nov 04, 2015 7:58:15 PM org.apache.solr.core.SolrCore execute
INFO: [default] webapp=/solr path=/select params={q=cdondi&defType=edismax&qf=screen_name_text&fl=*+score&start=0&fq=type:User&rows=30&wt=ruby} hits=1 status=0 QTime=1 
Nov 04, 2015 7:58:15 PM org.apache.solr.core.SolrCore execute
INFO: [default] webapp=/solr path=/select params={q=cdondi&defType=edismax&qf=last_name_text+occupation_text+city_text+state_text+first_name_text&fl=*+score&start=0&fq=type:Spec&rows=30&wt=ruby} hits=0 status=0 QTime=2 
Nov 04, 2015 7:58:15 PM org.apache.solr.core.SolrCore execute
INFO: [default] webapp=/solr path=/select params={q=cdondi&defType=edismax&qf=bio_text+skills_text+schools_text+companies_text+music_text+movies_text+television_text+magazines_text+books_text&fl=*+score&start=0&fq=type:Faq&rows=30&wt=ruby} hits=0 status=0 QTime=1 
Nov 04, 2015 7:58:34 PM org.apache.solr.update.processor.LogUpdateProcessor finish
INFO: [default] webapp=/solr path=/update params={wt=ruby} {add=[User 501 (1516963065921273856)]} 0 2
Nov 04, 2015 7:58:34 PM org.apache.solr.update.DirectUpdateHandler2 commit
INFO: start commit{,optimize=false,openSearcher=true,waitSearcher=true,expungeDeletes=false,softCommit=false,prepareCommit=false}
Nov 04, 2015 7:58:34 PM org.apache.solr.core.SolrDeletionPolicy onCommit
INFO: SolrDeletionPolicy.onCommit: commits:num=2
	commit{dir=NRTCachingDirectory(org.apache.lucene.store.NIOFSDirectory@/Users/cdondi/Documents/rails code/tutorial/rails_space/solr/default/data/index lockFactory=org.apache.lucene.store.NativeFSLockFactory@31a3a90a; maxCacheMB=48.0 maxMergeSizeMB=4.0),segFN=segments_15,generation=41,filenames=[segments_15, _19_Lucene41_0.pos, _19.fdt, _1a.cfs, _1a.si, _19_1.del, _19.nvd, _19.fdx, _19.si, _19.nvm, _19.fnm, _1a.cfe, _19_Lucene41_0.doc, _19_Lucene41_0.tim, _19_Lucene41_0.tip]
	commit{dir=NRTCachingDirectory(org.apache.lucene.store.NIOFSDirectory@/Users/cdondi/Documents/rails code/tutorial/rails_space/solr/default/data/index lockFactory=org.apache.lucene.store.NativeFSLockFactory@31a3a90a; maxCacheMB=48.0 maxMergeSizeMB=4.0),segFN=segments_16,generation=42,filenames=[_19_2.del, segments_16, _19_Lucene41_0.pos, _19.fdt, _1b.si, _1a.cfs, _1b.cfe, _1a.si, _19.nvd, _19.fdx, _19.si, _19.nvm, _19.fnm, _1a.cfe, _19_Lucene41_0.doc, _19_Lucene41_0.tim, _1b.cfs, _19_Lucene41_0.tip]
Nov 04, 2015 7:58:34 PM org.apache.solr.core.SolrDeletionPolicy updateCommits
INFO: newest commit = 42[_19_2.del, segments_16, _19_Lucene41_0.pos, _19.fdt, _1b.si, _1a.cfs, _1b.cfe, _1a.si, _19.nvd, _19.fdx, _19.si, _19.nvm, _19.fnm, _1a.cfe, _19_Lucene41_0.doc, _19_Lucene41_0.tim, _1b.cfs, _19_Lucene41_0.tip]
Nov 04, 2015 7:58:34 PM org.apache.solr.search.SolrIndexSearcher <init>
INFO: Opening Searcher@35c2aeac main
Nov 04, 2015 7:58:34 PM org.apache.solr.handler.component.SpellCheckComponent$SpellCheckerListener buildSpellIndex
INFO: Building spell index for spell checker: default
Nov 04, 2015 7:58:34 PM org.apache.solr.update.DirectUpdateHandler2 commit
INFO: end_commit_flush
Nov 04, 2015 7:58:34 PM org.apache.solr.handler.component.SpellCheckComponent$SpellCheckerListener buildSpellIndex
INFO: Building spell index for spell checker: example
Nov 04, 2015 7:58:34 PM org.apache.solr.core.SolrCore registerSearcher
INFO: [default] Registered new searcher Searcher@35c2aeac main{StandardDirectoryReader(segments_16:143 _19(4.2):C1014/2 _1a(4.2):c1 _1b(4.2):c1)}
Nov 04, 2015 7:58:34 PM org.apache.solr.update.processor.LogUpdateProcessor finish
INFO: [default] webapp=/solr path=/update params={wt=ruby} {commit=} 0 73
